WeLove/app/build/outputs/logs/manifest-merger-debug-report.txt
-- Merging decision tree log ---
manifest
ADDED from AndroidManifest.xml:2:1
	xmlns:android
		ADDED from AndroidManifest.xml:2:11
	package
		ADDED from AndroidManifest.xml:3:5
		INJECTED from AndroidManifest.xml:0:0
		INJECTED from AndroidManifest.xml:0:0
	android:versionName
		ADDED from AndroidManifest.xml:5:5
	android:versionCode
		ADDED from AndroidManifest.xml:4:5
		INJECTED from AndroidManifest.xml:0:0
		INJECTED from AndroidManifest.xml:0:0
uses-sdk
ADDED from AndroidManifest.xml:7:5
	android:targetSdkVersion
		ADDED from AndroidManifest.xml:9:9
		INJECTED from AndroidManifest.xml:0:0
		INJECTED from AndroidManifest.xml:0:0
	android:minSdkVersion
		ADDED from AndroidManifest.xml:8:9
		INJECTED from AndroidManifest.xml:0:0
		INJECTED from AndroidManifest.xml:0:0
uses-feature#android.hardware.camera
ADDED from AndroidManifest.xml:11:5
	android:name
		ADDED from AndroidManifest.xml:11:19
uses-feature#android.hardware.camera.autofocus
ADDED from AndroidManifest.xml:12:5
	android:name
		ADDED from AndroidManifest.xml:12:19
uses-feature#0x00020000
ADDED from AndroidManifest.xml:13:5
	android:required
		ADDED from AndroidManifest.xml:15:9
	android:glEsVersion
		ADDED from AndroidManifest.xml:14:9
uses-permission#android.permission.CAMERA
ADDED from AndroidManifest.xml:17:5
	android:name
		ADDED from AndroidManifest.xml:17:22
uses-permission#android.permission.MODIFY_AUDIO_SETTINGS
ADDED from AndroidManifest.xml:18:5
	android:name
		ADDED from AndroidManifest.xml:18:22
uses-permission#android.permission.RECORD_AUDIO
ADDED from AndroidManifest.xml:19:5
	android:name
		ADDED from AndroidManifest.xml:19:22
uses-permission#android.permission.INTERNET
ADDED from AndroidManifest.xml:20:5
	android:name
		ADDED from AndroidManifest.xml:20:22
uses-permission#android.permission.WRITE_EXTERNAL_STORAGE
ADDED from AndroidManifest.xml:21:5
	android:name
		ADDED from AndroidManifest.xml:21:22
uses-permission#android.permission.READ_PHONE_STATE
ADDED from AndroidManifest.xml:23:5
	android:name
		ADDED from AndroidManifest.xml:23:22
uses-permission#android.permission.READ_EXTERNAL_STORAGE
ADDED from AndroidManifest.xml:24:5
	android:maxSdkVersion
		ADDED from AndroidManifest.xml:25:9
	android:name
		ADDED from AndroidManifest.xml:24:22
application
ADDED from AndroidManifest.xml:27:5
	android:label
		ADDED from AndroidManifest.xml:29:9
	android:allowBackup
		ADDED from AndroidManifest.xml:28:9
	android:theme
		ADDED from AndroidManifest.xml:30:9
activity#com.blind.welove.MainActivity
ADDED from AndroidManifest.xml:32:9
	android:label
		ADDED from AndroidManifest.xml:34:13
	android:name
		ADDED from AndroidManifest.xml:33:13
intent-filter#android.intent.action.MAIN+android.intent.category.LAUNCHER
ADDED from AndroidManifest.xml:35:13
action#android.intent.action.MAIN
ADDED from AndroidManifest.xml:36:17
	android:name
		ADDED from AndroidManifest.xml:36:25
category#android.intent.category.LAUNCHER
ADDED from AndroidManifest.xml:38:17
	android:name
		ADDED from AndroidManifest.xml:38:27
activity#org.appspot.apprtc.SettingsActivity
ADDED from AndroidManifest.xml:41:9
	android:label
		ADDED from AndroidManifest.xml:43:13
	android:name
		ADDED from AndroidManifest.xml:42:13
activity#org.appspot.apprtc.CallActivity
ADDED from AndroidManifest.xml:45:9
	android:screenOrientation
		ADDED from AndroidManifest.xml:49:13
	android:label
		ADDED from AndroidManifest.xml:48:13
	android:configChanges
		ADDED from AndroidManifest.xml:47:13
	android:name
		ADDED from AndroidManifest.xml:46:13